<?xml version="1.0" encoding="UTF-8"?>
<testsuites name="New Test Suite" time="27" tests="0" failures="2" errors="0">
   <testsuite name="New Test Suite" tests="0" failures="2" errors="0" time="27" timestamp="2018-05-29 16:40:08" hostname="abendre - ip-172-27-246-8.eu-west-1.compute.internal" id="Test Suites/New Test Suite">
      <properties>
         <property name="deviceName" value=""/>
         <property name="devicePlatform" value=""/>
         <property name="logFolder" value="C:\\Git\\katalon_automation_test_demo\\Reports\\New Test Suite\\20180529_164005"/>
         <property name="logFiles" value="C:\\Git\\katalon_automation_test_demo\\Reports\\New Test Suite\\20180529_164005\\execution0.log"/>
         <property name="attachments" value="C:\\Git\\katalon_automation_test_demo\\Reports\\New Test Suite\\20180529_164005\\1527608421715.png, C:\\Git\\katalon_automation_test_demo\\Reports\\New Test Suite\\20180529_164005\\1527608434304.png"/>
         <property name="hostName" value="abendre - ip-172-27-246-8.eu-west-1.compute.internal"/>
         <property name="os" value="Windows 10 64bit"/>
         <property name="katalonVersion" value="5.4.1.1"/>
         <property name="browser" value="Chrome 66.0.3359.181"/>
         <property name="hostAddress" value="172.27.246.8"/>
         <property name="sessionId" value="7da552b98d7d8f4dab937d176afcc077"/>
         <property name="seleniumVersion" value="3.7.1"/>
         <property name="proxyInformation" value="ProxyInformation{proxyOption=NO_PROXY, proxyServerType=HTTP, password=, proxyServerAddress=, proxyServerPort=0}"/>
         <property name="platform" value="Windows 10"/>
      </properties>
      <testcase name="Test Cases/Smoke/New Test Case - Copy" classname="Test Cases/Smoke/New Test Case - Copy" status="FAILED">
         <failure type="FAILED" message="Unable to click on object 'Object Repository/GiveItTry/Page_JM Control Centre/span_Cancel' (Root cause: org.openqa.selenium.ElementNotVisibleException: element not visible
  (Session info: chrome=66.0.3359.181)
  (Driver info: chromedriver=2.35.528161 (5b82f2d2aae0ca24b877009200ced9065a772e73),platform=Windows NT 10.0.16299 x86_64) (WARNING: The server did not provide any stacktrace information)
Command duration or timeout: 0 milliseconds
Build info: version: '3.7.1', revision: '8a0099a', time: '2017-11-06T21:07:36.161Z'
System info: host: 'DESKTOP-T5SH3BV', ip: '172.27.246.8', os.name: 'Windows 10', os.arch: 'amd64', os.version: '10.0', java.version: '1.8.0_102'
Driver info: com.kms.katalon.selenium.driver.CChromeDriver
Capabilities {acceptInsecureCerts: false, acceptSslCerts: false, applicationCacheEnabled: false, browserConnectionEnabled: false, browserName: chrome, chrome: {chromedriverVersion: 2.35.528161 (5b82f2d2aae0ca..., userDataDir: C:\Users\abendre\AppData\Lo...}, cssSelectorsEnabled: true, databaseEnabled: false, handlesAlerts: true, hasTouchScreen: false, javascriptEnabled: true, locationContextEnabled: true, mobileEmulationEnabled: false, nativeEvents: true, networkConnectionEnabled: false, pageLoadStrategy: normal, platform: XP, platformName: XP, rotatable: false, setWindowRect: true, takesHeapSnapshot: true, takesScreenshot: true, unexpectedAlertBehaviour: , unhandledPromptBehavior: , version: 66.0.3359.181, webStorageEnabled: true}
Session ID: 15b86907021cf8bb52c46e604de0c120)"/>
         <system-out><![CDATA[2018-05-29 16:40:08 - [TEST_CASE][FAILED] - Test Cases/Smoke/New Test Case - Copy: Test Cases/Smoke/New Test Case - Copy FAILED because (of) Unable to click on object 'Object Repository/GiveItTry/Page_JM Control Centre/span_Cancel' (Root cause: org.openqa.selenium.ElementNotVisibleException: element not visible
  (Session info: chrome=66.0.3359.181)
  (Driver info: chromedriver=2.35.528161 (5b82f2d2aae0ca24b877009200ced9065a772e73),platform=Windows NT 10.0.16299 x86_64) (WARNING: The server did not provide any stacktrace information)
Command duration or timeout: 0 milliseconds
Build info: version: '3.7.1', revision: '8a0099a', time: '2017-11-06T21:07:36.161Z'
System info: host: 'DESKTOP-T5SH3BV', ip: '172.27.246.8', os.name: 'Windows 10', os.arch: 'amd64', os.version: '10.0', java.version: '1.8.0_102'
Driver info: com.kms.katalon.selenium.driver.CChromeDriver
Capabilities {acceptInsecureCerts: false, acceptSslCerts: false, applicationCacheEnabled: false, browserConnectionEnabled: false, browserName: chrome, chrome: {chromedriverVersion: 2.35.528161 (5b82f2d2aae0ca..., userDataDir: C:\Users\abendre\AppData\Lo...}, cssSelectorsEnabled: true, databaseEnabled: false, handlesAlerts: true, hasTouchScreen: false, javascriptEnabled: true, locationContextEnabled: true, mobileEmulationEnabled: false, nativeEvents: true, networkConnectionEnabled: false, pageLoadStrategy: normal, platform: XP, platformName: XP, rotatable: false, setWindowRect: true, takesHeapSnapshot: true, takesScreenshot: true, unexpectedAlertBehaviour: , unhandledPromptBehavior: , version: 66.0.3359.181, webStorageEnabled: true}
Session ID: 15b86907021cf8bb52c46e604de0c120)

2018-05-29 16:40:08 - [TEST_STEP][PASSED] - Start listener action : sampleBeforeTestCase: Browser is opened with url: 'null'

2018-05-29 16:40:08 - [TEST_STEP][PASSED] - Statement - println(testCaseContext.getTestCaseId()): null

2018-05-29 16:40:08 - [TEST_STEP][PASSED] - Statement - println(testCaseContext.getTestCaseVariables()): null

2018-05-29 16:40:08 - [TEST_STEP][PASSED] - openBrowser: Browser is opened with url: 'null'

2018-05-29 16:40:11 - [MESSAGE][PASSED] - Browser is opened with url: 'null'

2018-05-29 16:40:12 - [TEST_STEP][PASSED] - navigateToUrl: Navigate to 'https://kirona-def-6.kirona.com/jmprep/login?postLoginUrl=%2Fjmprep%2Fui&postLoginQuery=%23%21fwc#!loginView' successfully

2018-05-29 16:40:12 - [MESSAGE][PASSED] - Navigate to 'https://kirona-def-6.kirona.com/jmprep/login?postLoginUrl=%2Fjmprep%2Fui&postLoginQuery=%23%21fwc#!loginView' successfully

2018-05-29 16:40:12 - [TEST_STEP][PASSED] - setText: Text 'jon.hatfield' is set on object 'Object Repository/GiveItTry/Page_Job Manager Login/input_gwt-uid-3'

2018-05-29 16:40:13 - [MESSAGE][PASSED] - Text 'jon.hatfield' is set on object 'Object Repository/GiveItTry/Page_Job Manager Login/input_gwt-uid-3'

2018-05-29 16:40:13 - [TEST_STEP][PASSED] - Statement - text = com.kms.katalon.core.webui.keyword.WebUiBuiltInKeywords.getAttribute(com.kms.katalon.core.testobject.ObjectRepository.findTestObject(GiveItTry/Page_Job Manager Login/input_gwt-uid-3), "value"): Attribute 'value' of object 'Object Repository/GiveItTry/Page_Job Manager Login/input_gwt-uid-3' is: 'jon.hatfield'

2018-05-29 16:40:13 - [MESSAGE][PASSED] - Attribute 'value' of object 'Object Repository/GiveItTry/Page_Job Manager Login/input_gwt-uid-3' is: 'jon.hatfield'

2018-05-29 16:40:13 - [TEST_STEP][PASSED] - Statement - temp = text: null

2018-05-29 16:40:13 - [TEST_STEP][PASSED] - Statement - println(temp): null

2018-05-29 16:40:13 - [TEST_STEP][PASSED] - setText: Text 'Fr@nc1sJ0n' is set on object 'Object Repository/GiveItTry/Page_Job Manager Login/input_gwt-uid-5'

2018-05-29 16:40:13 - [MESSAGE][PASSED] - Text 'Fr@nc1sJ0n' is set on object 'Object Repository/GiveItTry/Page_Job Manager Login/input_gwt-uid-5'

2018-05-29 16:40:13 - [TEST_STEP][PASSED] - waitForElementClickable: Object 'Object Repository/GiveItTry/Page_Job Manager Login/div_Login' is clickable

2018-05-29 16:40:13 - [MESSAGE][WARNING] - Timeout '0' is invalid. Using default page load timeout: '30'

2018-05-29 16:40:13 - [MESSAGE][PASSED] - Object 'Object Repository/GiveItTry/Page_Job Manager Login/div_Login' is clickable

2018-05-29 16:40:13 - [TEST_STEP][PASSED] - click: Object: 'Object Repository/GiveItTry/Page_Job Manager Login/div_Login' is clicked on

2018-05-29 16:40:13 - [MESSAGE][PASSED] - Object: 'Object Repository/GiveItTry/Page_Job Manager Login/div_Login' is clicked on

2018-05-29 16:40:13 - [TEST_STEP][PASSED] - delay: Delayed 4 second(s)

2018-05-29 16:40:17 - [MESSAGE][PASSED] - Delayed 4 second(s)

2018-05-29 16:40:17 - [TEST_STEP][PASSED] - waitForElementClickable: Object 'Object Repository/GiveItTry/Page_JM Control Centre/div_Create' is clickable

2018-05-29 16:40:17 - [MESSAGE][WARNING] - Timeout '0' is invalid. Using default page load timeout: '30'

2018-05-29 16:40:17 - [MESSAGE][PASSED] - Object 'Object Repository/GiveItTry/Page_JM Control Centre/div_Create' is clickable

2018-05-29 16:40:17 - [TEST_STEP][PASSED] - click: Object: 'Object Repository/GiveItTry/Page_JM Control Centre/div_Create' is clicked on

2018-05-29 16:40:18 - [MESSAGE][PASSED] - Object: 'Object Repository/GiveItTry/Page_JM Control Centre/div_Create' is clicked on

2018-05-29 16:40:18 - [TEST_STEP][PASSED] - click: Object: 'Object Repository/GiveItTry/Page_JM Control Centre/div_v-filterselect-button' is clicked on

2018-05-29 16:40:18 - [MESSAGE][PASSED] - Object: 'Object Repository/GiveItTry/Page_JM Control Centre/div_v-filterselect-button' is clicked on

2018-05-29 16:40:18 - [TEST_STEP][PASSED] - setText: Text 'emi' is set on object 'Object Repository/GiveItTry/Page_JM Control Centre/input_gwt-uid-8'

2018-05-29 16:40:19 - [MESSAGE][PASSED] - Text 'emi' is set on object 'Object Repository/GiveItTry/Page_JM Control Centre/input_gwt-uid-8'

2018-05-29 16:40:19 - [TEST_STEP][PASSED] - click: Object: 'Object Repository/GiveItTry/Page_JM Control Centre/span_EMI Inspection' is clicked on

2018-05-29 16:40:19 - [MESSAGE][PASSED] - Object: 'Object Repository/GiveItTry/Page_JM Control Centre/span_EMI Inspection' is clicked on

2018-05-29 16:40:19 - [TEST_STEP][PASSED] - click: Object: 'Object Repository/GiveItTry/Page_JM Control Centre/div_Scheduling WindowFollow SL' is clicked on

2018-05-29 16:40:20 - [MESSAGE][PASSED] - Object: 'Object Repository/GiveItTry/Page_JM Control Centre/div_Scheduling WindowFollow SL' is clicked on

2018-05-29 16:40:20 - [TEST_STEP][PASSED] - waitForElementVisible: Object 'Object Repository/GiveItTry/Page_JM Control Centre/div_v-filterselect-button_1' is visible

2018-05-29 16:40:21 - [MESSAGE][WARNING] - Timeout '0' is invalid. Using default page load timeout: '30'

2018-05-29 16:40:21 - [MESSAGE][PASSED] - Object 'Object Repository/GiveItTry/Page_JM Control Centre/div_v-filterselect-button_1' is visible

2018-05-29 16:40:21 - [TEST_STEP][PASSED] - click: Object: 'Object Repository/GiveItTry/Page_JM Control Centre/div_v-filterselect-button_1' is clicked on

2018-05-29 16:40:21 - [MESSAGE][PASSED] - Object: 'Object Repository/GiveItTry/Page_JM Control Centre/div_v-filterselect-button_1' is clicked on

2018-05-29 16:40:21 - [TEST_STEP][PASSED] - setText: Text 'jon Smith' is set on object 'Object Repository/GiveItTry/Page_JM Control Centre/input_gwt-uid-66'

2018-05-29 16:40:21 - [MESSAGE][PASSED] - Text 'jon Smith' is set on object 'Object Repository/GiveItTry/Page_JM Control Centre/input_gwt-uid-66'

2018-05-29 16:40:21 - [TEST_STEP][FAILED] - click: Unable to click on object 'Object Repository/GiveItTry/Page_JM Control Centre/span_Cancel' (Root cause: org.openqa.selenium.ElementNotVisibleException: element not visible
  (Session info: chrome=66.0.3359.181)
  (Driver info: chromedriver=2.35.528161 (5b82f2d2aae0ca24b877009200ced9065a772e73),platform=Windows NT 10.0.16299 x86_64) (WARNING: The server did not provide any stacktrace information)
Command duration or timeout: 0 milliseconds
Build info: version: '3.7.1', revision: '8a0099a', time: '2017-11-06T21:07:36.161Z'
System info: host: 'DESKTOP-T5SH3BV', ip: '172.27.246.8', os.name: 'Windows 10', os.arch: 'amd64', os.version: '10.0', java.version: '1.8.0_102'
Driver info: com.kms.katalon.selenium.driver.CChromeDriver
Capabilities {acceptInsecureCerts: false, acceptSslCerts: false, applicationCacheEnabled: false, browserConnectionEnabled: false, browserName: chrome, chrome: {chromedriverVersion: 2.35.528161 (5b82f2d2aae0ca..., userDataDir: C:\Users\abendre\AppData\Lo...}, cssSelectorsEnabled: true, databaseEnabled: false, handlesAlerts: true, hasTouchScreen: false, javascriptEnabled: true, locationContextEnabled: true, mobileEmulationEnabled: false, nativeEvents: true, networkConnectionEnabled: false, pageLoadStrategy: normal, platform: XP, platformName: XP, rotatable: false, setWindowRect: true, takesHeapSnapshot: true, takesScreenshot: true, unexpectedAlertBehaviour: , unhandledPromptBehavior: , version: 66.0.3359.181, webStorageEnabled: true}
Session ID: 15b86907021cf8bb52c46e604de0c120)

2018-05-29 16:40:22 - [MESSAGE][FAILED] - Unable to click on object 'Object Repository/GiveItTry/Page_JM Control Centre/span_Cancel' (Root cause: org.openqa.selenium.ElementNotVisibleException: element not visible
  (Session info: chrome=66.0.3359.181)
  (Driver info: chromedriver=2.35.528161 (5b82f2d2aae0ca24b877009200ced9065a772e73),platform=Windows NT 10.0.16299 x86_64) (WARNING: The server did not provide any stacktrace information)
Command duration or timeout: 0 milliseconds
Build info: version: '3.7.1', revision: '8a0099a', time: '2017-11-06T21:07:36.161Z'
System info: host: 'DESKTOP-T5SH3BV', ip: '172.27.246.8', os.name: 'Windows 10', os.arch: 'amd64', os.version: '10.0', java.version: '1.8.0_102'
Driver info: com.kms.katalon.selenium.driver.CChromeDriver
Capabilities {acceptInsecureCerts: false, acceptSslCerts: false, applicationCacheEnabled: false, browserConnectionEnabled: false, browserName: chrome, chrome: {chromedriverVersion: 2.35.528161 (5b82f2d2aae0ca..., userDataDir: C:\Users\abendre\AppData\Lo...}, cssSelectorsEnabled: true, databaseEnabled: false, handlesAlerts: true, hasTouchScreen: false, javascriptEnabled: true, locationContextEnabled: true, mobileEmulationEnabled: false, nativeEvents: true, networkConnectionEnabled: false, pageLoadStrategy: normal, platform: XP, platformName: XP, rotatable: false, setWindowRect: true, takesHeapSnapshot: true, takesScreenshot: true, unexpectedAlertBehaviour: , unhandledPromptBehavior: , version: 66.0.3359.181, webStorageEnabled: true}
Session ID: 15b86907021cf8bb52c46e604de0c120)
[[ATTACHMENT|C:\\Git\\katalon_automation_test_demo\\Reports\\New Test Suite\\20180529_164005\\1527608421715.png]]

2018-05-29 16:40:22 - [TEST_STEP][PASSED] - Start listener action : sampleAfterTestCase: Browser is closed

2018-05-29 16:40:22 - [TEST_STEP][PASSED] - Statement - println(testCaseContext.getTestCaseId()): null

2018-05-29 16:40:22 - [TEST_STEP][PASSED] - Statement - println(testCaseContext.getTestCaseStatus()): null

2018-05-29 16:40:22 - [TEST_STEP][PASSED] - closeBrowser: Browser is closed

2018-05-29 16:40:22 - [MESSAGE][PASSED] - Browser is closed]]></system-out>
         <system-err><![CDATA[2018-05-29 16:40:08 - [TEST_CASE][FAILED] - Test Cases/Smoke/New Test Case - Copy: Test Cases/Smoke/New Test Case - Copy FAILED because (of) Unable to click on object 'Object Repository/GiveItTry/Page_JM Control Centre/span_Cancel' (Root cause: org.openqa.selenium.ElementNotVisibleException: element not visible
  (Session info: chrome=66.0.3359.181)
  (Driver info: chromedriver=2.35.528161 (5b82f2d2aae0ca24b877009200ced9065a772e73),platform=Windows NT 10.0.16299 x86_64) (WARNING: The server did not provide any stacktrace information)
Command duration or timeout: 0 milliseconds
Build info: version: '3.7.1', revision: '8a0099a', time: '2017-11-06T21:07:36.161Z'
System info: host: 'DESKTOP-T5SH3BV', ip: '172.27.246.8', os.name: 'Windows 10', os.arch: 'amd64', os.version: '10.0', java.version: '1.8.0_102'
Driver info: com.kms.katalon.selenium.driver.CChromeDriver
Capabilities {acceptInsecureCerts: false, acceptSslCerts: false, applicationCacheEnabled: false, browserConnectionEnabled: false, browserName: chrome, chrome: {chromedriverVersion: 2.35.528161 (5b82f2d2aae0ca..., userDataDir: C:\Users\abendre\AppData\Lo...}, cssSelectorsEnabled: true, databaseEnabled: false, handlesAlerts: true, hasTouchScreen: false, javascriptEnabled: true, locationContextEnabled: true, mobileEmulationEnabled: false, nativeEvents: true, networkConnectionEnabled: false, pageLoadStrategy: normal, platform: XP, platformName: XP, rotatable: false, setWindowRect: true, takesHeapSnapshot: true, takesScreenshot: true, unexpectedAlertBehaviour: , unhandledPromptBehavior: , version: 66.0.3359.181, webStorageEnabled: true}
Session ID: 15b86907021cf8bb52c46e604de0c120)]]></system-err>
      </testcase>
      <testcase name="Test Cases/Smoke/New Test Case" classname="Test Cases/Smoke/New Test Case" status="FAILED">
         <failure type="FAILED" message="Unable to click on object 'Object Repository/GiveItTry/Page_JM Control Centre/span_Cancel' (Root cause: org.openqa.selenium.ElementNotVisibleException: element not visible
  (Session info: chrome=66.0.3359.181)
  (Driver info: chromedriver=2.35.528161 (5b82f2d2aae0ca24b877009200ced9065a772e73),platform=Windows NT 10.0.16299 x86_64) (WARNING: The server did not provide any stacktrace information)
Command duration or timeout: 0 milliseconds
Build info: version: '3.7.1', revision: '8a0099a', time: '2017-11-06T21:07:36.161Z'
System info: host: 'DESKTOP-T5SH3BV', ip: '172.27.246.8', os.name: 'Windows 10', os.arch: 'amd64', os.version: '10.0', java.version: '1.8.0_102'
Driver info: com.kms.katalon.selenium.driver.CChromeDriver
Capabilities {acceptInsecureCerts: false, acceptSslCerts: false, applicationCacheEnabled: false, browserConnectionEnabled: false, browserName: chrome, chrome: {chromedriverVersion: 2.35.528161 (5b82f2d2aae0ca..., userDataDir: C:\Users\abendre\AppData\Lo...}, cssSelectorsEnabled: true, databaseEnabled: false, handlesAlerts: true, hasTouchScreen: false, javascriptEnabled: true, locationContextEnabled: true, mobileEmulationEnabled: false, nativeEvents: true, networkConnectionEnabled: false, pageLoadStrategy: normal, platform: XP, platformName: XP, rotatable: false, setWindowRect: true, takesHeapSnapshot: true, takesScreenshot: true, unexpectedAlertBehaviour: , unhandledPromptBehavior: , version: 66.0.3359.181, webStorageEnabled: true}
Session ID: 7da552b98d7d8f4dab937d176afcc077)"/>
         <system-out><![CDATA[2018-05-29 16:40:22 - [TEST_CASE][FAILED] - Test Cases/Smoke/New Test Case: Test Cases/Smoke/New Test Case FAILED because (of) Unable to click on object 'Object Repository/GiveItTry/Page_JM Control Centre/span_Cancel' (Root cause: org.openqa.selenium.ElementNotVisibleException: element not visible
  (Session info: chrome=66.0.3359.181)
  (Driver info: chromedriver=2.35.528161 (5b82f2d2aae0ca24b877009200ced9065a772e73),platform=Windows NT 10.0.16299 x86_64) (WARNING: The server did not provide any stacktrace information)
Command duration or timeout: 0 milliseconds
Build info: version: '3.7.1', revision: '8a0099a', time: '2017-11-06T21:07:36.161Z'
System info: host: 'DESKTOP-T5SH3BV', ip: '172.27.246.8', os.name: 'Windows 10', os.arch: 'amd64', os.version: '10.0', java.version: '1.8.0_102'
Driver info: com.kms.katalon.selenium.driver.CChromeDriver
Capabilities {acceptInsecureCerts: false, acceptSslCerts: false, applicationCacheEnabled: false, browserConnectionEnabled: false, browserName: chrome, chrome: {chromedriverVersion: 2.35.528161 (5b82f2d2aae0ca..., userDataDir: C:\Users\abendre\AppData\Lo...}, cssSelectorsEnabled: true, databaseEnabled: false, handlesAlerts: true, hasTouchScreen: false, javascriptEnabled: true, locationContextEnabled: true, mobileEmulationEnabled: false, nativeEvents: true, networkConnectionEnabled: false, pageLoadStrategy: normal, platform: XP, platformName: XP, rotatable: false, setWindowRect: true, takesHeapSnapshot: true, takesScreenshot: true, unexpectedAlertBehaviour: , unhandledPromptBehavior: , version: 66.0.3359.181, webStorageEnabled: true}
Session ID: 7da552b98d7d8f4dab937d176afcc077)

2018-05-29 16:40:22 - [TEST_STEP][PASSED] - Start listener action : sampleBeforeTestCase: Browser is opened with url: 'null'

2018-05-29 16:40:22 - [TEST_STEP][PASSED] - Statement - println(testCaseContext.getTestCaseId()): null

2018-05-29 16:40:22 - [TEST_STEP][PASSED] - Statement - println(testCaseContext.getTestCaseVariables()): null

2018-05-29 16:40:22 - [TEST_STEP][PASSED] - openBrowser: Browser is opened with url: 'null'

2018-05-29 16:40:24 - [MESSAGE][PASSED] - Browser is opened with url: 'null'

2018-05-29 16:40:24 - [TEST_STEP][PASSED] - navigateToUrl: Navigate to 'https://kirona-def-6.kirona.com/jmprep/login?postLoginUrl=%2Fjmprep%2Fui&postLoginQuery=%23%21fwc#!loginView' successfully

2018-05-29 16:40:26 - [MESSAGE][PASSED] - Navigate to 'https://kirona-def-6.kirona.com/jmprep/login?postLoginUrl=%2Fjmprep%2Fui&postLoginQuery=%23%21fwc#!loginView' successfully

2018-05-29 16:40:26 - [TEST_STEP][PASSED] - Statement - println(temp): null

2018-05-29 16:40:26 - [TEST_STEP][PASSED] - setText: Text 'jon.hatfield' is set on object 'Object Repository/GiveItTry/Page_Job Manager Login/input_gwt-uid-3'

2018-05-29 16:40:26 - [MESSAGE][PASSED] - Text 'jon.hatfield' is set on object 'Object Repository/GiveItTry/Page_Job Manager Login/input_gwt-uid-3'

2018-05-29 16:40:26 - [TEST_STEP][PASSED] - setText: Text 'Fr@nc1sJ0n' is set on object 'Object Repository/GiveItTry/Page_Job Manager Login/input_gwt-uid-5'

2018-05-29 16:40:26 - [MESSAGE][PASSED] - Text 'Fr@nc1sJ0n' is set on object 'Object Repository/GiveItTry/Page_Job Manager Login/input_gwt-uid-5'

2018-05-29 16:40:26 - [TEST_STEP][PASSED] - waitForElementClickable: Object 'Object Repository/GiveItTry/Page_Job Manager Login/div_Login' is clickable

2018-05-29 16:40:26 - [MESSAGE][WARNING] - Timeout '0' is invalid. Using default page load timeout: '30'

2018-05-29 16:40:26 - [MESSAGE][PASSED] - Object 'Object Repository/GiveItTry/Page_Job Manager Login/div_Login' is clickable

2018-05-29 16:40:26 - [TEST_STEP][PASSED] - click: Object: 'Object Repository/GiveItTry/Page_Job Manager Login/div_Login' is clicked on

2018-05-29 16:40:26 - [MESSAGE][PASSED] - Object: 'Object Repository/GiveItTry/Page_Job Manager Login/div_Login' is clicked on

2018-05-29 16:40:26 - [TEST_STEP][PASSED] - delay: Delayed 4 second(s)

2018-05-29 16:40:30 - [MESSAGE][PASSED] - Delayed 4 second(s)

2018-05-29 16:40:30 - [TEST_STEP][PASSED] - waitForElementClickable: Object 'Object Repository/GiveItTry/Page_JM Control Centre/div_Create' is clickable

2018-05-29 16:40:30 - [MESSAGE][WARNING] - Timeout '0' is invalid. Using default page load timeout: '30'

2018-05-29 16:40:30 - [MESSAGE][PASSED] - Object 'Object Repository/GiveItTry/Page_JM Control Centre/div_Create' is clickable

2018-05-29 16:40:30 - [TEST_STEP][PASSED] - click: Object: 'Object Repository/GiveItTry/Page_JM Control Centre/div_Create' is clicked on

2018-05-29 16:40:30 - [MESSAGE][PASSED] - Object: 'Object Repository/GiveItTry/Page_JM Control Centre/div_Create' is clicked on

2018-05-29 16:40:30 - [TEST_STEP][PASSED] - click: Object: 'Object Repository/GiveItTry/Page_JM Control Centre/div_v-filterselect-button' is clicked on

2018-05-29 16:40:31 - [MESSAGE][PASSED] - Object: 'Object Repository/GiveItTry/Page_JM Control Centre/div_v-filterselect-button' is clicked on

2018-05-29 16:40:31 - [TEST_STEP][PASSED] - setText: Text 'emi' is set on object 'Object Repository/GiveItTry/Page_JM Control Centre/input_gwt-uid-8'

2018-05-29 16:40:31 - [MESSAGE][PASSED] - Text 'emi' is set on object 'Object Repository/GiveItTry/Page_JM Control Centre/input_gwt-uid-8'

2018-05-29 16:40:31 - [TEST_STEP][PASSED] - click: Object: 'Object Repository/GiveItTry/Page_JM Control Centre/span_EMI Inspection' is clicked on

2018-05-29 16:40:31 - [MESSAGE][PASSED] - Object: 'Object Repository/GiveItTry/Page_JM Control Centre/span_EMI Inspection' is clicked on

2018-05-29 16:40:31 - [TEST_STEP][PASSED] - click: Object: 'Object Repository/GiveItTry/Page_JM Control Centre/div_Scheduling WindowFollow SL' is clicked on

2018-05-29 16:40:33 - [MESSAGE][PASSED] - Object: 'Object Repository/GiveItTry/Page_JM Control Centre/div_Scheduling WindowFollow SL' is clicked on

2018-05-29 16:40:33 - [TEST_STEP][PASSED] - waitForElementVisible: Object 'Object Repository/GiveItTry/Page_JM Control Centre/div_v-filterselect-button_1' is visible

2018-05-29 16:40:33 - [MESSAGE][WARNING] - Timeout '0' is invalid. Using default page load timeout: '30'

2018-05-29 16:40:33 - [MESSAGE][PASSED] - Object 'Object Repository/GiveItTry/Page_JM Control Centre/div_v-filterselect-button_1' is visible

2018-05-29 16:40:33 - [TEST_STEP][PASSED] - click: Object: 'Object Repository/GiveItTry/Page_JM Control Centre/div_v-filterselect-button_1' is clicked on

2018-05-29 16:40:33 - [MESSAGE][PASSED] - Object: 'Object Repository/GiveItTry/Page_JM Control Centre/div_v-filterselect-button_1' is clicked on

2018-05-29 16:40:33 - [TEST_STEP][PASSED] - setText: Text 'jon Smith' is set on object 'Object Repository/GiveItTry/Page_JM Control Centre/input_gwt-uid-66'

2018-05-29 16:40:34 - [MESSAGE][PASSED] - Text 'jon Smith' is set on object 'Object Repository/GiveItTry/Page_JM Control Centre/input_gwt-uid-66'

2018-05-29 16:40:34 - [TEST_STEP][FAILED] - click: Unable to click on object 'Object Repository/GiveItTry/Page_JM Control Centre/span_Cancel' (Root cause: org.openqa.selenium.ElementNotVisibleException: element not visible
  (Session info: chrome=66.0.3359.181)
  (Driver info: chromedriver=2.35.528161 (5b82f2d2aae0ca24b877009200ced9065a772e73),platform=Windows NT 10.0.16299 x86_64) (WARNING: The server did not provide any stacktrace information)
Command duration or timeout: 0 milliseconds
Build info: version: '3.7.1', revision: '8a0099a', time: '2017-11-06T21:07:36.161Z'
System info: host: 'DESKTOP-T5SH3BV', ip: '172.27.246.8', os.name: 'Windows 10', os.arch: 'amd64', os.version: '10.0', java.version: '1.8.0_102'
Driver info: com.kms.katalon.selenium.driver.CChromeDriver
Capabilities {acceptInsecureCerts: false, acceptSslCerts: false, applicationCacheEnabled: false, browserConnectionEnabled: false, browserName: chrome, chrome: {chromedriverVersion: 2.35.528161 (5b82f2d2aae0ca..., userDataDir: C:\Users\abendre\AppData\Lo...}, cssSelectorsEnabled: true, databaseEnabled: false, handlesAlerts: true, hasTouchScreen: false, javascriptEnabled: true, locationContextEnabled: true, mobileEmulationEnabled: false, nativeEvents: true, networkConnectionEnabled: false, pageLoadStrategy: normal, platform: XP, platformName: XP, rotatable: false, setWindowRect: true, takesHeapSnapshot: true, takesScreenshot: true, unexpectedAlertBehaviour: , unhandledPromptBehavior: , version: 66.0.3359.181, webStorageEnabled: true}
Session ID: 7da552b98d7d8f4dab937d176afcc077)

2018-05-29 16:40:34 - [MESSAGE][FAILED] - Unable to click on object 'Object Repository/GiveItTry/Page_JM Control Centre/span_Cancel' (Root cause: org.openqa.selenium.ElementNotVisibleException: element not visible
  (Session info: chrome=66.0.3359.181)
  (Driver info: chromedriver=2.35.528161 (5b82f2d2aae0ca24b877009200ced9065a772e73),platform=Windows NT 10.0.16299 x86_64) (WARNING: The server did not provide any stacktrace information)
Command duration or timeout: 0 milliseconds
Build info: version: '3.7.1', revision: '8a0099a', time: '2017-11-06T21:07:36.161Z'
System info: host: 'DESKTOP-T5SH3BV', ip: '172.27.246.8', os.name: 'Windows 10', os.arch: 'amd64', os.version: '10.0', java.version: '1.8.0_102'
Driver info: com.kms.katalon.selenium.driver.CChromeDriver
Capabilities {acceptInsecureCerts: false, acceptSslCerts: false, applicationCacheEnabled: false, browserConnectionEnabled: false, browserName: chrome, chrome: {chromedriverVersion: 2.35.528161 (5b82f2d2aae0ca..., userDataDir: C:\Users\abendre\AppData\Lo...}, cssSelectorsEnabled: true, databaseEnabled: false, handlesAlerts: true, hasTouchScreen: false, javascriptEnabled: true, locationContextEnabled: true, mobileEmulationEnabled: false, nativeEvents: true, networkConnectionEnabled: false, pageLoadStrategy: normal, platform: XP, platformName: XP, rotatable: false, setWindowRect: true, takesHeapSnapshot: true, takesScreenshot: true, unexpectedAlertBehaviour: , unhandledPromptBehavior: , version: 66.0.3359.181, webStorageEnabled: true}
Session ID: 7da552b98d7d8f4dab937d176afcc077)
[[ATTACHMENT|C:\\Git\\katalon_automation_test_demo\\Reports\\New Test Suite\\20180529_164005\\1527608434304.png]]

2018-05-29 16:40:34 - [TEST_STEP][PASSED] - Start listener action : sampleAfterTestCase: Browser is closed

2018-05-29 16:40:34 - [TEST_STEP][PASSED] - Statement - println(testCaseContext.getTestCaseId()): null

2018-05-29 16:40:34 - [TEST_STEP][PASSED] - Statement - println(testCaseContext.getTestCaseStatus()): null

2018-05-29 16:40:34 - [TEST_STEP][PASSED] - closeBrowser: Browser is closed

2018-05-29 16:40:35 - [MESSAGE][PASSED] - Browser is closed]]></system-out>
         <system-err><![CDATA[2018-05-29 16:40:22 - [TEST_CASE][FAILED] - Test Cases/Smoke/New Test Case: Test Cases/Smoke/New Test Case FAILED because (of) Unable to click on object 'Object Repository/GiveItTry/Page_JM Control Centre/span_Cancel' (Root cause: org.openqa.selenium.ElementNotVisibleException: element not visible
  (Session info: chrome=66.0.3359.181)
  (Driver info: chromedriver=2.35.528161 (5b82f2d2aae0ca24b877009200ced9065a772e73),platform=Windows NT 10.0.16299 x86_64) (WARNING: The server did not provide any stacktrace information)
Command duration or timeout: 0 milliseconds
Build info: version: '3.7.1', revision: '8a0099a', time: '2017-11-06T21:07:36.161Z'
System info: host: 'DESKTOP-T5SH3BV', ip: '172.27.246.8', os.name: 'Windows 10', os.arch: 'amd64', os.version: '10.0', java.version: '1.8.0_102'
Driver info: com.kms.katalon.selenium.driver.CChromeDriver
Capabilities {acceptInsecureCerts: false, acceptSslCerts: false, applicationCacheEnabled: false, browserConnectionEnabled: false, browserName: chrome, chrome: {chromedriverVersion: 2.35.528161 (5b82f2d2aae0ca..., userDataDir: C:\Users\abendre\AppData\Lo...}, cssSelectorsEnabled: true, databaseEnabled: false, handlesAlerts: true, hasTouchScreen: false, javascriptEnabled: true, locationContextEnabled: true, mobileEmulationEnabled: false, nativeEvents: true, networkConnectionEnabled: false, pageLoadStrategy: normal, platform: XP, platformName: XP, rotatable: false, setWindowRect: true, takesHeapSnapshot: true, takesScreenshot: true, unexpectedAlertBehaviour: , unhandledPromptBehavior: , version: 66.0.3359.181, webStorageEnabled: true}
Session ID: 7da552b98d7d8f4dab937d176afcc077)]]></system-err>
      </testcase>
      <system-out><![CDATA[2018-05-29 16:40:08 - [TEST_SUITE][FAILED] - New Test Suite: Test Cases/Smoke/New Test Case - Copy FAILED because (of) Unable to click on object 'Object Repository/GiveItTry/Page_JM Control Centre/span_Cancel' (Root cause: org.openqa.selenium.ElementNotVisibleException: element not visible
  (Session info: chrome=66.0.3359.181)
  (Driver info: chromedriver=2.35.528161 (5b82f2d2aae0ca24b877009200ced9065a772e73),platform=Windows NT 10.0.16299 x86_64) (WARNING: The server did not provide any stacktrace information)
Command duration or timeout: 0 milliseconds
Build info: version: '3.7.1', revision: '8a0099a', time: '2017-11-06T21:07:36.161Z'
System info: host: 'DESKTOP-T5SH3BV', ip: '172.27.246.8', os.name: 'Windows 10', os.arch: 'amd64', os.version: '10.0', java.version: '1.8.0_102'
Driver info: com.kms.katalon.selenium.driver.CChromeDriver
Capabilities {acceptInsecureCerts: false, acceptSslCerts: false, applicationCacheEnabled: false, browserConnectionEnabled: false, browserName: chrome, chrome: {chromedriverVersion: 2.35.528161 (5b82f2d2aae0ca..., userDataDir: C:\Users\abendre\AppData\Lo...}, cssSelectorsEnabled: true, databaseEnabled: false, handlesAlerts: true, hasTouchScreen: false, javascriptEnabled: true, locationContextEnabled: true, mobileEmulationEnabled: false, nativeEvents: true, networkConnectionEnabled: false, pageLoadStrategy: normal, platform: XP, platformName: XP, rotatable: false, setWindowRect: true, takesHeapSnapshot: true, takesScreenshot: true, unexpectedAlertBehaviour: , unhandledPromptBehavior: , version: 66.0.3359.181, webStorageEnabled: true}
Session ID: 15b86907021cf8bb52c46e604de0c120)]]></system-out>
      <system-err><![CDATA[2018-05-29 16:40:08 - [TEST_SUITE][FAILED] - New Test Suite: Test Cases/Smoke/New Test Case - Copy FAILED because (of) Unable to click on object 'Object Repository/GiveItTry/Page_JM Control Centre/span_Cancel' (Root cause: org.openqa.selenium.ElementNotVisibleException: element not visible
  (Session info: chrome=66.0.3359.181)
  (Driver info: chromedriver=2.35.528161 (5b82f2d2aae0ca24b877009200ced9065a772e73),platform=Windows NT 10.0.16299 x86_64) (WARNING: The server did not provide any stacktrace information)
Command duration or timeout: 0 milliseconds
Build info: version: '3.7.1', revision: '8a0099a', time: '2017-11-06T21:07:36.161Z'
System info: host: 'DESKTOP-T5SH3BV', ip: '172.27.246.8', os.name: 'Windows 10', os.arch: 'amd64', os.version: '10.0', java.version: '1.8.0_102'
Driver info: com.kms.katalon.selenium.driver.CChromeDriver
Capabilities {acceptInsecureCerts: false, acceptSslCerts: false, applicationCacheEnabled: false, browserConnectionEnabled: false, browserName: chrome, chrome: {chromedriverVersion: 2.35.528161 (5b82f2d2aae0ca..., userDataDir: C:\Users\abendre\AppData\Lo...}, cssSelectorsEnabled: true, databaseEnabled: false, handlesAlerts: true, hasTouchScreen: false, javascriptEnabled: true, locationContextEnabled: true, mobileEmulationEnabled: false, nativeEvents: true, networkConnectionEnabled: false, pageLoadStrategy: normal, platform: XP, platformName: XP, rotatable: false, setWindowRect: true, takesHeapSnapshot: true, takesScreenshot: true, unexpectedAlertBehaviour: , unhandledPromptBehavior: , version: 66.0.3359.181, webStorageEnabled: true}
Session ID: 15b86907021cf8bb52c46e604de0c120)]]></system-err>
   </testsuite>
</testsuites>
